<?xml version="1.0" encoding="UTF-8"?>
<!-- Generated by org.testng.reporters.JUnitReportReporter -->
<testsuite hostname="DESKTOP-6JDPSUH" failures="0" tests="2" name="com.TestNG.Annotations2" time="0.007" errors="0" timestamp="2023-11-24T18:49:27 IST" skipped="0">
  <testcase classname="com.TestNG.Annotations2" name="gmailApplicatioLoginTest" time="0.005"/>
  <system-out/>
  <testcase classname="com.TestNG.Annotations2" name="GmailApplicationInBoxTest" time="0.002"/>
  <system-out/>
</testsuite> <!-- com.TestNG.Annotations2 -->
