<?xml version="1.0" encoding="UTF-8"?>
<!-- Generated by org.testng.reporters.JUnitReportReporter -->
<testsuite hostname="DESKTOP-6JDPSUH" failures="0" tests="9" name="com.OrangeHRMApplicationTestCases.OrangeHRMLoginPageTest" time="31.742" errors="0" timestamp="2023-11-25T16:09:11 IST" skipped="0">
  <testcase classname="com.OrangeHRMApplicationTestCases.OrangeHRMLoginPageTest" name="validatingLoginPanelTextTest" time="2.756"/>
  <system-out/>
  <testcase classname="com.OrangeHRMApplicationTestCases.OrangeHRMLoginPageTest" name="validatingLoginPageLogoTest" time="3.161"/>
  <system-out/>
  <testcase classname="com.OrangeHRMApplicationTestCases.OrangeHRMLoginPageTest" name="validatingLoginFunctionalityTest" time="7.148"/>
  <system-out/>
  <testcase classname="com.OrangeHRMApplicationTestCases.OrangeHRMLoginPageTest" name="validatingOrangeHRMApplicationForgotPasswordFunctionalityTest" time="3.243"/>
  <system-out/>
  <testcase classname="com.OrangeHRMApplicationTestCases.OrangeHRMLoginPageTest" name="validatingOrangeHRMApplicationOrangeHRMIncFunctionalityTest" time="2.709"/>
  <system-out/>
  <testcase classname="com.OrangeHRMApplicationTestCases.OrangeHRMLoginPageTest" name="validatingorangeHRMLoginPageLinkedinTest" time="2.632"/>
  <system-out/>
  <testcase classname="com.OrangeHRMApplicationTestCases.OrangeHRMLoginPageTest" name="validatingorangeHRMLoginPageFacebookTest" time="2.707"/>
  <system-out/>
  <testcase classname="com.OrangeHRMApplicationTestCases.OrangeHRMLoginPageTest" name="validatingorangeHRMLoginPageTwitterTest" time="2.989"/>
  <system-out/>
  <testcase classname="com.OrangeHRMApplicationTestCases.OrangeHRMLoginPageTest" name="validatingorangeHRMLoginPageYouTubeTest" time="4.397"/>
  <system-out/>
</testsuite> <!-- com.OrangeHRMApplicationTestCases.OrangeHRMLoginPageTest -->
